
   ERROR  Command "horizon" is not defined.  


   ERROR  Command "horizon" is not defined.  


   ERROR  Command "horizon" is not defined.  


   ERROR  Command "horizon" is not defined.  


   ERROR  Command "horizon" is not defined.  


   ERROR  Command "horizon" is not defined.  


   ERROR  Command "horizon" is not defined.  


   ERROR  Command "horizon" is not defined.  


   ERROR  Command "horizon" is not defined.  


   ERROR  Command "horizon" is not defined.  


   ERROR  Command "horizon" is not defined.  


   ERROR  Command "horizon" is not defined.  


   ERROR  Command "horizon" is not defined.  


   ERROR  Command "horizon" is not defined.  


   ERROR  Command "horizon" is not defined.  


   ERROR  Command "horizon" is not defined.  


   ERROR  Command "horizon" is not defined.  


   ERROR  Command "horizon" is not defined.  


   ERROR  Command "horizon" is not defined.  


   ERROR  Command "horizon" is not defined.  


   ERROR  Command "horizon" is not defined.  


   RedisException 

  Connection refused

  at vendor/laravel/framework/src/Illuminate/Redis/Connectors/PhpRedisConnector.php:175
    171▕         if (version_compare(phpversion('redis'), '5.3.0', '>=') && ! is_null($context = Arr::get($config, 'context'))) {
    172▕             $parameters[] = $context;
    173▕         }
    174▕ 
  ➜ 175▕         $client->{$persistent ? 'pconnect' : 'connect'}(...$parameters);
    176▕     }
    177▕ 
    178▕     /**
    179▕      * Create a new redis cluster instance.

      [2m+25 vendor frames [22m

  26  artisan:16
      Illuminate\Foundation\Application::handleCommand(Object(Symfony\Component\Console\Input\ArgvInput))


   RedisException 

  Connection refused

  at vendor/laravel/framework/src/Illuminate/Redis/Connectors/PhpRedisConnector.php:175
    171▕         if (version_compare(phpversion('redis'), '5.3.0', '>=') && ! is_null($context = Arr::get($config, 'context'))) {
    172▕             $parameters[] = $context;
    173▕         }
    174▕ 
  ➜ 175▕         $client->{$persistent ? 'pconnect' : 'connect'}(...$parameters);
    176▕     }
    177▕ 
    178▕     /**
    179▕      * Create a new redis cluster instance.

      [2m+25 vendor frames [22m

  26  artisan:16
      Illuminate\Foundation\Application::handleCommand(Object(Symfony\Component\Console\Input\ArgvInput))


   RedisException 

  Connection refused

  at vendor/laravel/framework/src/Illuminate/Redis/Connectors/PhpRedisConnector.php:175
    171▕         if (version_compare(phpversion('redis'), '5.3.0', '>=') && ! is_null($context = Arr::get($config, 'context'))) {
    172▕             $parameters[] = $context;
    173▕         }
    174▕ 
  ➜ 175▕         $client->{$persistent ? 'pconnect' : 'connect'}(...$parameters);
    176▕     }
    177▕ 
    178▕     /**
    179▕      * Create a new redis cluster instance.

      [2m+25 vendor frames [22m

  26  artisan:16
      Illuminate\Foundation\Application::handleCommand(Object(Symfony\Component\Console\Input\ArgvInput))


   RedisException 

  Connection refused

  at vendor/laravel/framework/src/Illuminate/Redis/Connectors/PhpRedisConnector.php:175
    171▕         if (version_compare(phpversion('redis'), '5.3.0', '>=') && ! is_null($context = Arr::get($config, 'context'))) {
    172▕             $parameters[] = $context;
    173▕         }
    174▕ 
  ➜ 175▕         $client->{$persistent ? 'pconnect' : 'connect'}(...$parameters);
    176▕     }
    177▕ 
    178▕     /**
    179▕      * Create a new redis cluster instance.

      [2m+25 vendor frames [22m

  26  artisan:16
      Illuminate\Foundation\Application::handleCommand(Object(Symfony\Component\Console\Input\ArgvInput))


   RedisException 

  Connection refused

  at vendor/laravel/framework/src/Illuminate/Redis/Connectors/PhpRedisConnector.php:175
    171▕         if (version_compare(phpversion('redis'), '5.3.0', '>=') && ! is_null($context = Arr::get($config, 'context'))) {
    172▕             $parameters[] = $context;
    173▕         }
    174▕ 
  ➜ 175▕         $client->{$persistent ? 'pconnect' : 'connect'}(...$parameters);
    176▕     }
    177▕ 
    178▕     /**
    179▕      * Create a new redis cluster instance.

      [2m+25 vendor frames [22m

  26  artisan:16
      Illuminate\Foundation\Application::handleCommand(Object(Symfony\Component\Console\Input\ArgvInput))


   RedisException 

  Connection refused

  at vendor/laravel/framework/src/Illuminate/Redis/Connectors/PhpRedisConnector.php:175
    171▕         if (version_compare(phpversion('redis'), '5.3.0', '>=') && ! is_null($context = Arr::get($config, 'context'))) {
    172▕             $parameters[] = $context;
    173▕         }
    174▕ 
  ➜ 175▕         $client->{$persistent ? 'pconnect' : 'connect'}(...$parameters);
    176▕     }
    177▕ 
    178▕     /**
    179▕      * Create a new redis cluster instance.

      [2m+25 vendor frames [22m

  26  artisan:16
      Illuminate\Foundation\Application::handleCommand(Object(Symfony\Component\Console\Input\ArgvInput))


   RedisException 

  Connection refused

  at vendor/laravel/framework/src/Illuminate/Redis/Connectors/PhpRedisConnector.php:175
    171▕         if (version_compare(phpversion('redis'), '5.3.0', '>=') && ! is_null($context = Arr::get($config, 'context'))) {
    172▕             $parameters[] = $context;
    173▕         }
    174▕ 
  ➜ 175▕         $client->{$persistent ? 'pconnect' : 'connect'}(...$parameters);
    176▕     }
    177▕ 
    178▕     /**
    179▕      * Create a new redis cluster instance.

      [2m+25 vendor frames [22m

  26  artisan:16
      Illuminate\Foundation\Application::handleCommand(Object(Symfony\Component\Console\Input\ArgvInput))


   RedisException 

  Connection refused

  at vendor/laravel/framework/src/Illuminate/Redis/Connectors/PhpRedisConnector.php:175
    171▕         if (version_compare(phpversion('redis'), '5.3.0', '>=') && ! is_null($context = Arr::get($config, 'context'))) {
    172▕             $parameters[] = $context;
    173▕         }
    174▕ 
  ➜ 175▕         $client->{$persistent ? 'pconnect' : 'connect'}(...$parameters);
    176▕     }
    177▕ 
    178▕     /**
    179▕      * Create a new redis cluster instance.

      [2m+25 vendor frames [22m

  26  artisan:16
      Illuminate\Foundation\Application::handleCommand(Object(Symfony\Component\Console\Input\ArgvInput))


   INFO  Horizon started successfully.  


   INFO  Horizon started successfully.  


   Illuminate\Database\QueryException 

  SQLSTATE[42S02]: Base table or view not found: 1146 Table 'app.cache' doesn't exist (Connection: mysql, SQL: select * from `cache` where `key` in (laravel_cache_illuminate:queue:restart))

  at vendor/laravel/framework/src/Illuminate/Database/Connection.php:822
    818▕                     $this->getName(), $query, $this->prepareBindings($bindings), $e
    819▕                 );
    820▕             }
    821▕ 
  ➜ 822▕             throw new QueryException(
    823▕                 $this->getName(), $query, $this->prepareBindings($bindings), $e
    824▕             );
    825▕         }
    826▕     }

      [2m+30 vendor frames [22m

  31  artisan:16
      Illuminate\Foundation\Application::handleCommand(Object(Symfony\Component\Console\Input\ArgvInput))


   Illuminate\Database\QueryException 

  SQLSTATE[42S02]: Base table or view not found: 1146 Table 'app.cache' doesn't exist (Connection: mysql, SQL: select * from `cache` where `key` in (laravel_cache_illuminate:queue:restart))

  at vendor/laravel/framework/src/Illuminate/Database/Connection.php:822
    818▕                     $this->getName(), $query, $this->prepareBindings($bindings), $e
    819▕                 );
    820▕             }
    821▕ 
  ➜ 822▕             throw new QueryException(
    823▕                 $this->getName(), $query, $this->prepareBindings($bindings), $e
    824▕             );
    825▕         }
    826▕     }

      [2m+30 vendor frames [22m

  31  artisan:16
      Illuminate\Foundation\Application::handleCommand(Object(Symfony\Component\Console\Input\ArgvInput))


   Illuminate\Database\QueryException 

  SQLSTATE[42S02]: Base table or view not found: 1146 Table 'app.cache' doesn't exist (Connection: mysql, SQL: select * from `cache` where `key` in (laravel_cache_illuminate:queue:restart))

  at vendor/laravel/framework/src/Illuminate/Database/Connection.php:822
    818▕                     $this->getName(), $query, $this->prepareBindings($bindings), $e
    819▕                 );
    820▕             }
    821▕ 
  ➜ 822▕             throw new QueryException(
    823▕                 $this->getName(), $query, $this->prepareBindings($bindings), $e
    824▕             );
    825▕         }
    826▕     }

      [2m+30 vendor frames [22m

  31  artisan:16
      Illuminate\Foundation\Application::handleCommand(Object(Symfony\Component\Console\Input\ArgvInput))


   Illuminate\Database\QueryException 

  SQLSTATE[42S02]: Base table or view not found: 1146 Table 'app.cache' doesn't exist (Connection: mysql, SQL: select * from `cache` where `key` in (laravel_cache_illuminate:queue:restart))

  at vendor/laravel/framework/src/Illuminate/Database/Connection.php:822
    818▕                     $this->getName(), $query, $this->prepareBindings($bindings), $e
    819▕                 );
    820▕             }
    821▕ 
  ➜ 822▕             throw new QueryException(
    823▕                 $this->getName(), $query, $this->prepareBindings($bindings), $e
    824▕             );
    825▕         }
    826▕     }

      [2m+30 vendor frames [22m

  31  artisan:16
      Illuminate\Foundation\Application::handleCommand(Object(Symfony\Component\Console\Input\ArgvInput))


   INFO  Horizon started successfully.  


   INFO  Horizon started successfully.  

